<<<<<<< HEAD
2021/05/21 10:59:01.852 [D] [database.go:64]  è¿›æ¥äº†è¿›æ¥äº† [] 
2021/05/21 10:59:01.860 [D] [database.go:64]  è¿›æ¥äº†è¿›æ¥äº† [] 
2021/05/21 10:59:01.860 [D] [database.go:52]  è¿›æ¥äº†è¿›æ¥äº† [] 
2021/05/21 10:59:01.866 [D] [server.go:2843]  | 192.168.31.177|[97;42m 200 [0m|  14.205708ms|   match|[97;44m GET     [0m /user/all   r:/user/all
2021/05/21 10:59:02.970 [D] [global.go:22]  eyJhbGciOiJIUzI1NiIsInR5cCI6IkpXVCJ9.eyJleHAiOjE2MjIxMDYzNDgsImlkIjoxLCJuYW1lIjoiYWRtaW4iLCJzdGF0dXMiOjB9.CSLyXXE8HP_PcsWXtRg32WJIIlwTQ6R6xuQL-xQGCmQ 
2021/05/21 10:59:02.970 [D] [database.go:52]  è¿›æ¥äº†è¿›æ¥äº† [] 
2021/05/21 10:59:02.970 [D] [database.go:64]  è¿›æ¥äº†è¿›æ¥äº† [] 
2021/05/21 10:59:02.978 [D] [database.go:64]  è¿›æ¥äº†è¿›æ¥äº† [] 
2021/05/21 10:59:02.978 [D] [database.go:52]  è¿›æ¥äº†è¿›æ¥äº† [] 
2021/05/21 10:59:02.984 [D] [server.go:2843]  | 192.168.31.177|[97;42m 200 [0m|  14.640983ms|   match|[97;44m GET     [0m /user/all   r:/user/all
=======
2021/05/21 11:04:34.590 [C] [panic.go:965]  C:/Users/86151/go/src/personal_web_admin_end_go/filter/global.go:21
2021/05/21 11:04:34.618 [C] [panic.go:965]  C:/Users/86151/go/pkg/mod/github.com/astaxie/beego@v1.12.1/router.go:644
2021/05/21 11:04:34.620 [C] [panic.go:965]  C:/Users/86151/go/pkg/mod/github.com/astaxie/beego@v1.12.1/router.go:730
2021/05/21 11:04:34.620 [C] [panic.go:965]  C:/Program Files/Go/src/net/http/server.go:2887
2021/05/21 11:04:34.622 [C] [panic.go:965]  C:/Program Files/Go/src/net/http/server.go:1952
2021/05/21 11:04:34.623 [C] [panic.go:965]  C:/Program Files/Go/src/runtime/asm_amd64.s:1371
2021/05/21 11:04:34.624 [server.go:3137]  [HTTP] http: superfluous response.WriteHeader call from github.com/astaxie/beego/context.(*Response).WriteHeader (context.go:230)
2021/05/21 11:04:54.354 [C] [panic.go:965]  the request url is  /login/register
2021/05/21 11:04:54.354 [C] [panic.go:965]  Handler crashed with error runtime error: slice bounds out of range [7:0]
2021/05/21 11:04:54.355 [C] [panic.go:965]  C:/Program Files/Go/src/runtime/panic.go:965
>>>>>>> 7f4001ee42fff73773975c2a62ae1c774d9676fc
