<<<<<<< HEAD
2021/05/21 11:20:22.058 [D] [database.go:64]  è¿›æ¥äº†è¿›æ¥äº† [] 
2021/05/21 11:20:22.068 [D] [database.go:64]  è¿›æ¥äº†è¿›æ¥äº† [] 
2021/05/21 11:20:22.068 [D] [database.go:52]  è¿›æ¥äº†è¿›æ¥äº† [] 
2021/05/21 11:20:22.074 [D] [server.go:2843]  | 192.168.31.177|[97;42m 200 [0m|  17.502767ms|   match|[97;44m GET     [0m /user/all   r:/user/all
2021/05/21 11:20:29.417 [D] [global.go:22]  eyJhbGciOiJIUzI1NiIsInR5cCI6IkpXVCJ9.eyJleHAiOjE2MjIxMDYzNDgsImlkIjoxLCJuYW1lIjoiYWRtaW4iLCJzdGF0dXMiOjB9.CSLyXXE8HP_PcsWXtRg32WJIIlwTQ6R6xuQL-xQGCmQ 
2021/05/21 11:20:29.417 [D] [database.go:52]  è¿›æ¥äº†è¿›æ¥äº† [admin] 
2021/05/21 11:20:29.417 [D] [database.go:64]  è¿›æ¥äº†è¿›æ¥äº† [] 
2021/05/21 11:20:29.431 [D] [database.go:64]  è¿›æ¥äº†è¿›æ¥äº† [] 
2021/05/21 11:20:29.431 [D] [database.go:52]  è¿›æ¥äº†è¿›æ¥äº† [admin] 
2021/05/21 11:20:29.444 [D] [server.go:2843]  | 192.168.31.177|[97;42m 200 [0m|  26.810867ms|   match|[97;44m GET     [0m /user/all   r:/user/all
=======
2021/05/21 11:07:08.334 [C] [panic.go:965]  C:/Program Files/Go/src/runtime/panic.go:116
2021/05/21 11:07:08.337 [C] [panic.go:965]  C:/Users/86151/go/src/personal_web_admin_end_go/filter/global.go:23
2021/05/21 11:07:08.351 [C] [panic.go:965]  C:/Users/86151/go/pkg/mod/github.com/astaxie/beego@v1.12.1/router.go:644
2021/05/21 11:07:08.352 [C] [panic.go:965]  C:/Users/86151/go/pkg/mod/github.com/astaxie/beego@v1.12.1/router.go:730
2021/05/21 11:07:08.352 [C] [panic.go:965]  C:/Program Files/Go/src/net/http/server.go:2887
2021/05/21 11:07:08.354 [C] [panic.go:965]  C:/Program Files/Go/src/net/http/server.go:1952
2021/05/21 11:07:08.355 [C] [panic.go:965]  C:/Program Files/Go/src/runtime/asm_amd64.s:1371
2021/05/21 11:07:08.356 [server.go:3137]  [HTTP] http: superfluous response.WriteHeader call from github.com/astaxie/beego/context.(*Response).WriteHeader (context.go:230)
2021/05/21 11:07:26.793 [I] [asm_amd64.s:1371]  http server Running on http://:8080
2021/05/21 11:07:35.301 [D] [global.go:18]  /login/register 
>>>>>>> 7f4001ee42fff73773975c2a62ae1c774d9676fc
