<<<<<<< HEAD
2021/05/21 11:20:34.157 [D] [global.go:22]  eyJhbGciOiJIUzI1NiIsInR5cCI6IkpXVCJ9.eyJleHAiOjE2MjIxMDYzNDgsImlkIjoxLCJuYW1lIjoiYWRtaW4iLCJzdGF0dXMiOjB9.CSLyXXE8HP_PcsWXtRg32WJIIlwTQ6R6xuQL-xQGCmQ 
2021/05/21 11:20:34.158 [D] [database.go:52]  è¿›æ¥äº†è¿›æ¥äº† [admin] 
2021/05/21 11:20:34.158 [D] [database.go:64]  è¿›æ¥äº†è¿›æ¥äº† [1] 
2021/05/21 11:20:34.173 [D] [database.go:64]  è¿›æ¥äº†è¿›æ¥äº† [1] 
2021/05/21 11:20:34.173 [D] [database.go:52]  è¿›æ¥äº†è¿›æ¥äº† [admin] 
2021/05/21 11:20:34.187 [D] [server.go:2843]  | 192.168.31.177|[97;42m 200 [0m|  30.660747ms|   match|[97;44m GET     [0m /user/all   r:/user/all
2021/05/21 11:20:39.063 [D] [global.go:22]  eyJhbGciOiJIUzI1NiIsInR5cCI6IkpXVCJ9.eyJleHAiOjE2MjIxMDYzNDgsImlkIjoxLCJuYW1lIjoiYWRtaW4iLCJzdGF0dXMiOjB9.CSLyXXE8HP_PcsWXtRg32WJIIlwTQ6R6xuQL-xQGCmQ 
2021/05/21 11:20:39.063 [D] [database.go:52]  è¿›æ¥äº†è¿›æ¥äº† [admin] 
2021/05/21 11:20:39.063 [D] [database.go:64]  è¿›æ¥äº†è¿›æ¥äº† [1] 
2021/05/21 11:20:39.078 [D] [database.go:64]  è¿›æ¥äº†è¿›æ¥äº† [1] 
=======
2021/05/21 11:07:35.301 [C] [panic.go:965]  the request url is  /login/register
2021/05/21 11:07:35.303 [C] [panic.go:965]  Handler crashed with error runtime error: slice bounds out of range [7:0]
2021/05/21 11:07:35.308 [C] [panic.go:965]  C:/Program Files/Go/src/runtime/panic.go:965
2021/05/21 11:07:35.311 [C] [panic.go:965]  C:/Program Files/Go/src/runtime/panic.go:116
2021/05/21 11:07:35.312 [C] [panic.go:965]  C:/Users/86151/go/src/personal_web_admin_end_go/filter/global.go:22
2021/05/21 11:07:35.313 [C] [panic.go:965]  C:/Users/86151/go/pkg/mod/github.com/astaxie/beego@v1.12.1/router.go:644
2021/05/21 11:07:35.314 [C] [panic.go:965]  C:/Users/86151/go/pkg/mod/github.com/astaxie/beego@v1.12.1/router.go:730
2021/05/21 11:07:35.315 [C] [panic.go:965]  C:/Program Files/Go/src/net/http/server.go:2887
2021/05/21 11:07:35.317 [C] [panic.go:965]  C:/Program Files/Go/src/net/http/server.go:1952
2021/05/21 11:07:35.318 [C] [panic.go:965]  C:/Program Files/Go/src/runtime/asm_amd64.s:1371
>>>>>>> 7f4001ee42fff73773975c2a62ae1c774d9676fc
