<<<<<<< HEAD
2021/05/21 10:58:25.000 [D] [global.go:22]  eyJhbGciOiJIUzI1NiIsInR5cCI6IkpXVCJ9.eyJleHAiOjE2MjIxMDYzNDgsImlkIjoxLCJuYW1lIjoiYWRtaW4iLCJzdGF0dXMiOjB9.CSLyXXE8HP_PcsWXtRg32WJIIlwTQ6R6xuQL-xQGCmQ 
2021/05/21 10:58:25.000 [D] [database.go:52]  è¿›æ¥äº†è¿›æ¥äº† [] 
2021/05/21 10:58:25.000 [D] [database.go:64]  è¿›æ¥äº†è¿›æ¥äº† [] 
2021/05/21 10:58:25.007 [D] [database.go:64]  è¿›æ¥äº†è¿›æ¥äº† [] 
2021/05/21 10:58:25.007 [D] [database.go:52]  è¿›æ¥äº†è¿›æ¥äº† [] 
2021/05/21 10:58:25.013 [D] [server.go:2843]  | 192.168.31.177|[97;42m 200 [0m|  13.656206ms|   match|[97;44m GET     [0m /user/all   r:/user/all
2021/05/21 10:58:46.937 [D] [global.go:22]  eyJhbGciOiJIUzI1NiIsInR5cCI6IkpXVCJ9.eyJleHAiOjE2MjIxMDYzNDgsImlkIjoxLCJuYW1lIjoiYWRtaW4iLCJzdGF0dXMiOjB9.CSLyXXE8HP_PcsWXtRg32WJIIlwTQ6R6xuQL-xQGCmQ 
2021/05/21 10:58:46.938 [D] [database.go:52]  è¿›æ¥äº†è¿›æ¥äº† [] 
2021/05/21 10:58:46.938 [D] [database.go:64]  è¿›æ¥äº†è¿›æ¥äº† [] 
2021/05/21 10:58:46.946 [D] [database.go:64]  è¿›æ¥äº†è¿›æ¥äº† [] 
=======
2021/05/21 11:04:10.933 [C] [panic.go:965]  C:/Program Files/Go/src/net/http/server.go:2887
2021/05/21 11:04:10.936 [C] [panic.go:965]  C:/Program Files/Go/src/net/http/server.go:1952
2021/05/21 11:04:10.936 [C] [panic.go:965]  C:/Program Files/Go/src/runtime/asm_amd64.s:1371
2021/05/21 11:04:10.937 [server.go:3137]  [HTTP] http: superfluous response.WriteHeader call from github.com/astaxie/beego/context.(*Response).WriteHeader (context.go:230)
2021/05/21 11:04:15.605 [I] [asm_amd64.s:1371]  http server Running on http://:8080
2021/05/21 11:04:21.854 [C] [panic.go:965]  the request url is  /Register
2021/05/21 11:04:21.855 [C] [panic.go:965]  Handler crashed with error runtime error: slice bounds out of range [7:0]
2021/05/21 11:04:21.856 [C] [panic.go:965]  C:/Program Files/Go/src/runtime/panic.go:965
2021/05/21 11:04:21.859 [C] [panic.go:965]  C:/Program Files/Go/src/runtime/panic.go:116
2021/05/21 11:04:21.860 [C] [panic.go:965]  C:/Users/86151/go/src/personal_web_admin_end_go/filter/global.go:21
>>>>>>> 7f4001ee42fff73773975c2a62ae1c774d9676fc
