<<<<<<< HEAD
2021/05/21 11:21:03.046 [D] [global.go:22]  eyJhbGciOiJIUzI1NiIsInR5cCI6IkpXVCJ9.eyJleHAiOjE2MjIxMDYzNDgsImlkIjoxLCJuYW1lIjoiYWRtaW4iLCJzdGF0dXMiOjB9.CSLyXXE8HP_PcsWXtRg32WJIIlwTQ6R6xuQL-xQGCmQ 
2021/05/21 11:21:03.046 [D] [database.go:52]  è¿›æ¥äº†è¿›æ¥äº† [admin] 
2021/05/21 11:21:03.046 [D] [database.go:64]  è¿›æ¥äº†è¿›æ¥äº† [] 
2021/05/21 11:21:03.060 [D] [database.go:64]  è¿›æ¥äº†è¿›æ¥äº† [] 
2021/05/21 11:21:03.061 [D] [database.go:52]  è¿›æ¥äº†è¿›æ¥äº† [admin] 
2021/05/21 11:21:03.074 [D] [server.go:2843]  | 192.168.31.177|[97;42m 200 [0m|  28.694741ms|   match|[97;44m GET     [0m /user/all   r:/user/all
2021/05/21 11:21:07.471 [D] [global.go:22]  eyJhbGciOiJIUzI1NiIsInR5cCI6IkpXVCJ9.eyJleHAiOjE2MjIxMDYzNDgsImlkIjoxLCJuYW1lIjoiYWRtaW4iLCJzdGF0dXMiOjB9.CSLyXXE8HP_PcsWXtRg32WJIIlwTQ6R6xuQL-xQGCmQ 
2021/05/21 11:21:07.471 [D] [database.go:52]  è¿›æ¥äº†è¿›æ¥äº† [admin] 
2021/05/21 11:21:07.471 [D] [database.go:64]  è¿›æ¥äº†è¿›æ¥äº† [] 
2021/05/21 11:21:07.483 [D] [database.go:64]  è¿›æ¥äº†è¿›æ¥äº† [] 
=======
2021/05/21 14:10:15.272 [D] [server.go:2887]  |      127.0.0.1|[42m 200 [0m|     1.0327ms|   match|[46m POST    [0m /register   r:/register
2021/05/21 14:11:12.219 [I] [asm_amd64.s:1371]  http server Running on http://:8080
2021/05/21 14:11:18.806 [D] [global.go:18]  /register 
2021/05/21 14:11:18.806 [C] [panic.go:965]  the request url is  /register
2021/05/21 14:11:18.807 [C] [panic.go:965]  Handler crashed with error runtime error: slice bounds out of range [7:0]
2021/05/21 14:11:18.807 [C] [panic.go:965]  C:/Program Files/Go/src/runtime/panic.go:965
2021/05/21 14:11:18.808 [C] [panic.go:965]  C:/Program Files/Go/src/runtime/panic.go:116
2021/05/21 14:11:18.809 [C] [panic.go:965]  C:/Users/86151/go/src/personal_web_admin_end_go/filter/global.go:22
2021/05/21 14:11:18.812 [C] [panic.go:965]  C:/Users/86151/go/pkg/mod/github.com/astaxie/beego@v1.12.1/router.go:644
2021/05/21 14:11:18.812 [C] [panic.go:965]  C:/Users/86151/go/pkg/mod/github.com/astaxie/beego@v1.12.1/router.go:730
>>>>>>> 7f4001ee42fff73773975c2a62ae1c774d9676fc
