<<<<<<< HEAD
2021/05/21 11:20:39.078 [D] [database.go:52]  è¿›æ¥äº†è¿›æ¥äº† [admin] 
2021/05/21 11:20:39.094 [D] [server.go:2843]  | 192.168.31.177|[97;42m 200 [0m|  31.264254ms|   match|[97;44m GET     [0m /user/all   r:/user/all
2021/05/21 11:20:43.473 [D] [global.go:22]  eyJhbGciOiJIUzI1NiIsInR5cCI6IkpXVCJ9.eyJleHAiOjE2MjIxMDYzNDgsImlkIjoxLCJuYW1lIjoiYWRtaW4iLCJzdGF0dXMiOjB9.CSLyXXE8HP_PcsWXtRg32WJIIlwTQ6R6xuQL-xQGCmQ 
2021/05/21 11:20:43.473 [D] [database.go:52]  è¿›æ¥äº†è¿›æ¥äº† [admin] 
2021/05/21 11:20:43.473 [D] [database.go:64]  è¿›æ¥äº†è¿›æ¥äº† [1] 
2021/05/21 11:20:43.490 [D] [database.go:64]  è¿›æ¥äº†è¿›æ¥äº† [1] 
2021/05/21 11:20:43.490 [D] [database.go:52]  è¿›æ¥äº†è¿›æ¥äº† [admin] 
2021/05/21 11:20:43.505 [D] [server.go:2843]  | 192.168.31.177|[97;42m 200 [0m|  31.992983ms|   match|[97;44m GET     [0m /user/all   r:/user/all
2021/05/21 11:20:50.264 [D] [global.go:22]  eyJhbGciOiJIUzI1NiIsInR5cCI6IkpXVCJ9.eyJleHAiOjE2MjIxMDYzNDgsImlkIjoxLCJuYW1lIjoiYWRtaW4iLCJzdGF0dXMiOjB9.CSLyXXE8HP_PcsWXtRg32WJIIlwTQ6R6xuQL-xQGCmQ 
2021/05/21 11:20:50.264 [D] [database.go:52]  è¿›æ¥äº†è¿›æ¥äº† [] 
=======
2021/05/21 11:07:35.321 [server.go:3137]  [HTTP] http: superfluous response.WriteHeader call from github.com/astaxie/beego/context.(*Response).WriteHeader (context.go:230)
2021/05/21 11:27:35.915 [I] [asm_amd64.s:1371]  http server Running on http://:8080
2021/05/21 11:27:42.048 [D] [server.go:2887]  |      127.0.0.1|[42m 200 [0m|    73.5272ms|   match|[46m POST    [0m /login/register   r:/login/register
2021/05/21 14:05:30.765 [I] [asm_amd64.s:1371]  http server Running on http://:8080
2021/05/21 14:08:28.890 [I] [asm_amd64.s:1371]  http server Running on http://:8080
2021/05/21 14:09:21.447 [D] [global.go:18]  /register 
2021/05/21 14:09:21.448 [C] [panic.go:965]  the request url is  /register
2021/05/21 14:09:21.448 [C] [panic.go:965]  Handler crashed with error runtime error: slice bounds out of range [7:0]
2021/05/21 14:09:21.453 [C] [panic.go:965]  C:/Program Files/Go/src/runtime/panic.go:965
2021/05/21 14:09:21.454 [C] [panic.go:965]  C:/Program Files/Go/src/runtime/panic.go:116
>>>>>>> 7f4001ee42fff73773975c2a62ae1c774d9676fc
