<<<<<<< HEAD
2021/05/21 11:05:24.008 [D] [global.go:22]  eyJhbGciOiJIUzI1NiIsInR5cCI6IkpXVCJ9.eyJleHAiOjE2MjIxMDYzNDgsImlkIjoxLCJuYW1lIjoiYWRtaW4iLCJzdGF0dXMiOjB9.CSLyXXE8HP_PcsWXtRg32WJIIlwTQ6R6xuQL-xQGCmQ 
2021/05/21 11:05:24.009 [D] [database.go:52]  è¿›æ¥äº†è¿›æ¥äº† [] 
2021/05/21 11:05:24.009 [D] [database.go:64]  è¿›æ¥äº†è¿›æ¥äº† [] 
2021/05/21 11:05:24.017 [D] [database.go:64]  è¿›æ¥äº†è¿›æ¥äº† [] 
2021/05/21 11:05:24.017 [D] [database.go:52]  è¿›æ¥äº†è¿›æ¥äº† [] 
2021/05/21 11:05:24.023 [D] [server.go:2843]  | 192.168.31.177|[97;42m 200 [0m|  15.523188ms|   match|[97;44m GET     [0m /user/all   r:/user/all
2021/05/21 11:19:54.774 [D] [global.go:22]  eyJhbGciOiJIUzI1NiIsInR5cCI6IkpXVCJ9.eyJleHAiOjE2MjIxMDYzNDgsImlkIjoxLCJuYW1lIjoiYWRtaW4iLCJzdGF0dXMiOjB9.CSLyXXE8HP_PcsWXtRg32WJIIlwTQ6R6xuQL-xQGCmQ 
2021/05/21 11:19:54.774 [D] [database.go:52]  è¿›æ¥äº†è¿›æ¥äº† [] 
2021/05/21 11:19:54.774 [D] [database.go:64]  è¿›æ¥äº†è¿›æ¥äº† [] 
2021/05/21 11:19:54.783 [D] [database.go:64]  è¿›æ¥äº†è¿›æ¥äº† [] 
=======
2021/05/21 11:06:12.015 [C] [panic.go:965]  C:/Program Files/Go/src/runtime/asm_amd64.s:1371
2021/05/21 11:06:12.020 [server.go:3137]  [HTTP] http: superfluous response.WriteHeader call from github.com/astaxie/beego/context.(*Response).WriteHeader (context.go:230)
2021/05/21 11:06:14.536 [I] [user.go:50]  user not exist {false   } 
2021/05/21 11:06:14.537 [D] [server.go:2887]  |      127.0.0.1|[42m 200 [0m|    25.5296ms|   match|[46m POST    [0m /login   r:/login
2021/05/21 11:06:26.158 [C] [panic.go:965]  the request url is  /login/register
2021/05/21 11:06:26.159 [C] [panic.go:965]  Handler crashed with error runtime error: slice bounds out of range [7:0]
2021/05/21 11:06:26.160 [C] [panic.go:965]  C:/Program Files/Go/src/runtime/panic.go:965
2021/05/21 11:06:26.170 [C] [panic.go:965]  C:/Program Files/Go/src/runtime/panic.go:116
2021/05/21 11:06:26.171 [C] [panic.go:965]  C:/Users/86151/go/src/personal_web_admin_end_go/filter/global.go:22
2021/05/21 11:06:26.173 [C] [panic.go:965]  C:/Users/86151/go/pkg/mod/github.com/astaxie/beego@v1.12.1/router.go:644
>>>>>>> 7f4001ee42fff73773975c2a62ae1c774d9676fc
