<<<<<<< HEAD
2021/05/21 11:19:54.783 [D] [database.go:52]  è¿›æ¥äº†è¿›æ¥äº† [] 
2021/05/21 11:19:54.791 [D] [server.go:2843]  | 192.168.31.177|[97;42m 200 [0m|  17.440109ms|   match|[97;44m GET     [0m /user/all   r:/user/all
2021/05/21 11:20:14.721 [D] [global.go:22]  eyJhbGciOiJIUzI1NiIsInR5cCI6IkpXVCJ9.eyJleHAiOjE2MjIxMDYzNDgsImlkIjoxLCJuYW1lIjoiYWRtaW4iLCJzdGF0dXMiOjB9.CSLyXXE8HP_PcsWXtRg32WJIIlwTQ6R6xuQL-xQGCmQ 
2021/05/21 11:20:14.721 [D] [database.go:52]  è¿›æ¥äº†è¿›æ¥äº† [] 
2021/05/21 11:20:14.721 [D] [database.go:64]  è¿›æ¥äº†è¿›æ¥äº† [] 
2021/05/21 11:20:14.735 [D] [database.go:64]  è¿›æ¥äº†è¿›æ¥äº† [] 
2021/05/21 11:20:14.735 [D] [database.go:52]  è¿›æ¥äº†è¿›æ¥äº† [] 
2021/05/21 11:20:14.742 [D] [server.go:2843]  | 192.168.31.177|[97;42m 200 [0m|  20.703771ms|   match|[97;44m GET     [0m /user/all   r:/user/all
2021/05/21 11:20:22.057 [D] [global.go:22]  eyJhbGciOiJIUzI1NiIsInR5cCI6IkpXVCJ9.eyJleHAiOjE2MjIxMDYzNDgsImlkIjoxLCJuYW1lIjoiYWRtaW4iLCJzdGF0dXMiOjB9.CSLyXXE8HP_PcsWXtRg32WJIIlwTQ6R6xuQL-xQGCmQ 
2021/05/21 11:20:22.058 [D] [database.go:52]  è¿›æ¥äº†è¿›æ¥äº† [] 
=======
2021/05/21 11:06:26.173 [C] [panic.go:965]  C:/Users/86151/go/pkg/mod/github.com/astaxie/beego@v1.12.1/router.go:730
2021/05/21 11:06:26.179 [C] [panic.go:965]  C:/Program Files/Go/src/net/http/server.go:2887
2021/05/21 11:06:26.192 [C] [panic.go:965]  C:/Program Files/Go/src/net/http/server.go:1952
2021/05/21 11:06:26.192 [C] [panic.go:965]  C:/Program Files/Go/src/runtime/asm_amd64.s:1371
2021/05/21 11:06:26.193 [server.go:3137]  [HTTP] http: superfluous response.WriteHeader call from github.com/astaxie/beego/context.(*Response).WriteHeader (context.go:230)
2021/05/21 11:07:03.992 [I] [asm_amd64.s:1371]  http server Running on http://:8080
2021/05/21 11:07:08.330 [D] [global.go:21]  !!!!!!!!!!!!!!!!!!!!!!! 
2021/05/21 11:07:08.331 [C] [panic.go:965]  the request url is  /login/register
2021/05/21 11:07:08.333 [C] [panic.go:965]  Handler crashed with error runtime error: slice bounds out of range [7:0]
2021/05/21 11:07:08.334 [C] [panic.go:965]  C:/Program Files/Go/src/runtime/panic.go:965
>>>>>>> 7f4001ee42fff73773975c2a62ae1c774d9676fc
