<<<<<<< HEAD
2021/05/21 11:20:50.265 [D] [database.go:64]  è¿›æ¥äº†è¿›æ¥äº† [] 
2021/05/21 11:20:50.292 [D] [database.go:64]  è¿›æ¥äº†è¿›æ¥äº† [] 
2021/05/21 11:20:50.292 [D] [database.go:52]  è¿›æ¥äº†è¿›æ¥äº† [] 
2021/05/21 11:20:50.307 [D] [server.go:2843]  | 192.168.31.177|[97;42m 200 [0m|  43.054139ms|   match|[97;44m GET     [0m /user/all   r:/user/all
2021/05/21 11:20:58.662 [D] [global.go:22]  eyJhbGciOiJIUzI1NiIsInR5cCI6IkpXVCJ9.eyJleHAiOjE2MjIxMDYzNDgsImlkIjoxLCJuYW1lIjoiYWRtaW4iLCJzdGF0dXMiOjB9.CSLyXXE8HP_PcsWXtRg32WJIIlwTQ6R6xuQL-xQGCmQ 
2021/05/21 11:20:58.662 [D] [database.go:52]  è¿›æ¥äº†è¿›æ¥äº† [] 
2021/05/21 11:20:58.663 [D] [database.go:64]  è¿›æ¥äº†è¿›æ¥äº† [] 
2021/05/21 11:20:58.670 [D] [database.go:64]  è¿›æ¥äº†è¿›æ¥äº† [] 
2021/05/21 11:20:58.670 [D] [database.go:52]  è¿›æ¥äº†è¿›æ¥äº† [] 
2021/05/21 11:20:58.677 [D] [server.go:2843]  | 192.168.31.177|[97;42m 200 [0m|    15.4647ms|   match|[97;44m GET     [0m /user/all   r:/user/all
=======
2021/05/21 14:09:21.454 [C] [panic.go:965]  C:/Users/86151/go/src/personal_web_admin_end_go/filter/global.go:22
2021/05/21 14:09:21.458 [C] [panic.go:965]  C:/Users/86151/go/pkg/mod/github.com/astaxie/beego@v1.12.1/router.go:644
2021/05/21 14:09:21.465 [C] [panic.go:965]  C:/Users/86151/go/pkg/mod/github.com/astaxie/beego@v1.12.1/router.go:730
2021/05/21 14:09:21.467 [C] [panic.go:965]  C:/Program Files/Go/src/net/http/server.go:2887
2021/05/21 14:09:21.468 [C] [panic.go:965]  C:/Program Files/Go/src/net/http/server.go:1952
2021/05/21 14:09:21.468 [C] [panic.go:965]  C:/Program Files/Go/src/runtime/asm_amd64.s:1371
2021/05/21 14:09:21.470 [server.go:3137]  [HTTP] http: superfluous response.WriteHeader call from github.com/astaxie/beego/context.(*Response).WriteHeader (context.go:230)
2021/05/21 14:09:58.003 [I] [asm_amd64.s:1371]  http server Running on http://:8080
2021/05/21 14:10:12.244 [I] [asm_amd64.s:1371]  http server Running on http://:8080
2021/05/21 14:10:15.271 [D] [global.go:18]  /register 
>>>>>>> 7f4001ee42fff73773975c2a62ae1c774d9676fc
