<<<<<<< HEAD
2021/05/21 10:58:46.946 [D] [database.go:52]  è¿›æ¥äº†è¿›æ¥äº† [] 
2021/05/21 10:58:46.954 [D] [server.go:2843]  | 192.168.31.177|[97;42m 200 [0m|  16.921284ms|   match|[97;44m GET     [0m /user/all   r:/user/all
2021/05/21 10:59:00.170 [D] [global.go:22]  eyJhbGciOiJIUzI1NiIsInR5cCI6IkpXVCJ9.eyJleHAiOjE2MjIxMDYzNDgsImlkIjoxLCJuYW1lIjoiYWRtaW4iLCJzdGF0dXMiOjB9.CSLyXXE8HP_PcsWXtRg32WJIIlwTQ6R6xuQL-xQGCmQ 
2021/05/21 10:59:00.170 [D] [database.go:52]  è¿›æ¥äº†è¿›æ¥äº† [] 
2021/05/21 10:59:00.170 [D] [database.go:64]  è¿›æ¥äº†è¿›æ¥äº† [] 
2021/05/21 10:59:00.180 [D] [database.go:64]  è¿›æ¥äº†è¿›æ¥äº† [] 
2021/05/21 10:59:00.180 [D] [database.go:52]  è¿›æ¥äº†è¿›æ¥äº† [] 
2021/05/21 10:59:00.186 [D] [server.go:2843]  | 192.168.31.177|[97;42m 200 [0m|  16.394391ms|   match|[97;44m GET     [0m /user/all   r:/user/all
2021/05/21 10:59:01.852 [D] [global.go:22]  eyJhbGciOiJIUzI1NiIsInR5cCI6IkpXVCJ9.eyJleHAiOjE2MjIxMDYzNDgsImlkIjoxLCJuYW1lIjoiYWRtaW4iLCJzdGF0dXMiOjB9.CSLyXXE8HP_PcsWXtRg32WJIIlwTQ6R6xuQL-xQGCmQ 
2021/05/21 10:59:01.852 [D] [database.go:52]  è¿›æ¥äº†è¿›æ¥äº† [] 
=======
2021/05/21 11:04:21.860 [C] [panic.go:965]  C:/Users/86151/go/pkg/mod/github.com/astaxie/beego@v1.12.1/router.go:644
2021/05/21 11:04:21.866 [C] [panic.go:965]  C:/Users/86151/go/pkg/mod/github.com/astaxie/beego@v1.12.1/router.go:730
2021/05/21 11:04:21.875 [C] [panic.go:965]  C:/Program Files/Go/src/net/http/server.go:2887
2021/05/21 11:04:21.875 [C] [panic.go:965]  C:/Program Files/Go/src/net/http/server.go:1952
2021/05/21 11:04:21.876 [C] [panic.go:965]  C:/Program Files/Go/src/runtime/asm_amd64.s:1371
2021/05/21 11:04:21.877 [server.go:3137]  [HTTP] http: superfluous response.WriteHeader call from github.com/astaxie/beego/context.(*Response).WriteHeader (context.go:230)
2021/05/21 11:04:34.583 [C] [panic.go:965]  the request url is  /login/register
2021/05/21 11:04:34.588 [C] [panic.go:965]  Handler crashed with error runtime error: slice bounds out of range [7:0]
2021/05/21 11:04:34.589 [C] [panic.go:965]  C:/Program Files/Go/src/runtime/panic.go:965
2021/05/21 11:04:34.589 [C] [panic.go:965]  C:/Program Files/Go/src/runtime/panic.go:116
>>>>>>> 7f4001ee42fff73773975c2a62ae1c774d9676fc
